<?xml version="1.0" encoding="UTF-8"?>
<!-- Generated by org.testng.reporters.JUnitXMLReporter -->
<testsuite hostname="LAPTOP-5I8UCAMO" ignored="0" name="Test" tests="5" failures="1" timestamp="2023-07-01T10:41:28 BST" time="0.104" errors="0">
  <testcase name="test1" time="0.0" classname="com.learnautomation.testcases.Testcase1">
    <failure type="org.testng.TestNGException" message="
Parameter &amp;apos;url2&amp;apos; is required by @Test on method test1 but has not been marked @Optional or defined
in C:\Users\Dilip Kumar\MavenWorkspace\12Nov2021\testng2.xml">
      <![CDATA[org.testng.TestNGException: 
Parameter 'url2' is required by @Test on method test1 but has not been marked @Optional or defined
in C:\Users\Dilip Kumar\MavenWorkspace\12Nov2021\testng2.xml
at java.util.ArrayList.forEach(ArrayList.java:1257)
... Removed 26 stack frames]]>
    </failure>
  </testcase> <!-- test1 -->
  <testcase name="test2" time="0.009" classname="com.learnautomation.testcases.Testcase1"/>
  <testcase name="test3" time="0.001" classname="com.learnautomation.testcases.Testcase1"/>
  <testcase name="test4" time="0.002" classname="com.learnautomation.testcases.Testcase2"/>
  <testcase name="test5" time="0.002" classname="com.learnautomation.testcases.Testcase2"/>
</testsuite> <!-- Test -->
